<?xml version="1.0" encoding="UTF-8"?>
<!-- Generated by org.testng.reporters.JUnitReportReporter -->
<testsuite hostname="DESKTOP-S099K4I" failures="0" tests="3" name="TestSuites.AppsTools" time="83.735" errors="0" timestamp="2022-04-30T13:46:05 IST" skipped="0">
  <testcase classname="TestSuites.AppsTools" name="opurl" time="3.283"/>
  <system-out/>
  <testcase classname="TestSuites.AppsTools" name="lgn" time="59.972"/>
  <system-out/>
  <testcase classname="TestSuites.AppsTools" name="tools" time="20.480"/>
  <system-out/>
</testsuite> <!-- TestSuites.AppsTools -->
