<?xml version="1.0" encoding="UTF-8"?>
<!-- Generated by org.testng.reporters.JUnitReportReporter -->
<testsuite hostname="SUSHIL" failures="0" tests="3" name="TestSuites.AppsTools" time="35.521" errors="0" timestamp="19 May 2022 13:48:53 GMT" skipped="0">
  <testcase classname="TestSuites.AppsTools" name="opurl" time="1.470"/>
  <testcase classname="TestSuites.AppsTools" name="lgn" time="27.332"/>
  <testcase classname="TestSuites.AppsTools" name="tools" time="6.719"/>
</testsuite> <!-- TestSuites.AppsTools -->
